<?xml version="1.0" encoding="UTF-8"?>
<testng-results ignored="0" total="3" passed="3" failed="0" skipped="0">
  <reporter-output>
    <line>
      <![CDATA[I launch the Django demo website]]>
    </line>
    <line>
      <![CDATA[Feature File Step: I view the Home Page]]>
    </line>
    <line>
      <![CDATA[Feature File Step:I click on the feature]]>
    </line>
    <line>
      <![CDATA[I launch the Django demo website]]>
    </line>
    <line>
      <![CDATA[Feature File Step: I view the Home Page]]>
    </line>
    <line>
      <![CDATA[Feature File Step:I click on the feature]]>
    </line>
    <line>
      <![CDATA[I launch the Django demo website]]>
    </line>
    <line>
      <![CDATA[Feature File Step: I view the Home Page]]>
    </line>
    <line>
      <![CDATA[Feature File Step:I click on the feature]]>
    </line>
  </reporter-output>
  <suite started-at="2024-07-03T18:21:29 IST" name="Cucumber Tests in chrome" finished-at="2024-07-03T18:21:50 IST" duration-ms="20627">
    <groups>
      <group name="cucumber">
        <method signature="AbstractTestNGCucumberTests.runScenario(io.cucumber.testng.PickleWrapper,io.cucumber.testng.FeatureWrapper)[pri:0, instance:testRunners.TestRunner@dd8ba08]" name="runScenario" class="io.cucumber.testng.AbstractTestNGCucumberTests"/>
      </group> <!-- cucumber -->
    </groups>
    <test started-at="2024-07-03T18:21:29 IST" name="Cucumber Test across chrome" finished-at="2024-07-03T18:21:50 IST" duration-ms="20627">
      <class name="testRunners.TestRunner">
        <test-method is-config="true" signature="defineBrowser(java.lang.String)[pri:0, instance:testRunners.TestRunner@dd8ba08]" started-at="2024-07-03T18:21:29 IST" name="defineBrowser" finished-at="2024-07-03T18:21:29 IST" duration-ms="11" status="PASS">
          <params>
            <param index="0">
              <value>
                <![CDATA[chrome]]>
              </value>
            </param>
          </params>
          <reporter-output>
          </reporter-output>
        </test-method> <!-- defineBrowser -->
        <test-method is-config="true" signature="setUpClass()[pri:0, instance:testRunners.TestRunner@dd8ba08]" started-at="2024-07-03T18:21:29 IST" name="setUpClass" finished-at="2024-07-03T18:21:29 IST" duration-ms="500" status="PASS">
          <reporter-output>
          </reporter-output>
        </test-method> <!-- setUpClass -->
        <test-method signature="runScenario(io.cucumber.testng.PickleWrapper,io.cucumber.testng.FeatureWrapper)[pri:0, instance:testRunners.TestRunner@dd8ba08]" started-at="2024-07-03T18:21:29 IST" name="runScenario" description="Runs Cucumber Scenarios" data-provider="scenarios" finished-at="2024-07-03T18:21:36 IST" duration-ms="6970" status="PASS">
          <params>
            <param index="0">
              <value>
                <![CDATA["View the Home Page"]]>
              </value>
            </param>
            <param index="1">
              <value>
                <![CDATA["Optional[Testing Django Demo Website home page feature]"]]>
              </value>
            </param>
          </params>
          <reporter-output>
            <line>
              <![CDATA[I launch the Django demo website]]>
            </line>
            <line>
              <![CDATA[Feature File Step: I view the Home Page]]>
            </line>
            <line>
              <![CDATA[Feature File Step:I click on the feature]]>
            </line>
          </reporter-output>
        </test-method> <!-- runScenario -->
        <test-method signature="runScenario(io.cucumber.testng.PickleWrapper,io.cucumber.testng.FeatureWrapper)[pri:0, instance:testRunners.TestRunner@dd8ba08]" started-at="2024-07-03T18:21:36 IST" name="runScenario" description="Runs Cucumber Scenarios" data-provider="scenarios" finished-at="2024-07-03T18:21:43 IST" duration-ms="6377" status="PASS">
          <params>
            <param index="0">
              <value>
                <![CDATA["View the Home Page"]]>
              </value>
            </param>
            <param index="1">
              <value>
                <![CDATA["Optional[Testing Django Demo Website home page feature]"]]>
              </value>
            </param>
          </params>
          <reporter-output>
            <line>
              <![CDATA[I launch the Django demo website]]>
            </line>
            <line>
              <![CDATA[Feature File Step: I view the Home Page]]>
            </line>
            <line>
              <![CDATA[Feature File Step:I click on the feature]]>
            </line>
          </reporter-output>
        </test-method> <!-- runScenario -->
        <test-method signature="runScenario(io.cucumber.testng.PickleWrapper,io.cucumber.testng.FeatureWrapper)[pri:0, instance:testRunners.TestRunner@dd8ba08]" started-at="2024-07-03T18:21:43 IST" name="runScenario" description="Runs Cucumber Scenarios" data-provider="scenarios" finished-at="2024-07-03T18:21:50 IST" duration-ms="6701" status="PASS">
          <params>
            <param index="0">
              <value>
                <![CDATA["View the Home Page"]]>
              </value>
            </param>
            <param index="1">
              <value>
                <![CDATA["Optional[Testing Django Demo Website home page feature]"]]>
              </value>
            </param>
          </params>
          <reporter-output>
            <line>
              <![CDATA[I launch the Django demo website]]>
            </line>
            <line>
              <![CDATA[Feature File Step: I view the Home Page]]>
            </line>
            <line>
              <![CDATA[Feature File Step:I click on the feature]]>
            </line>
          </reporter-output>
        </test-method> <!-- runScenario -->
        <test-method is-config="true" signature="tearDownClass()[pri:0, instance:testRunners.TestRunner@dd8ba08]" started-at="2024-07-03T18:21:50 IST" name="tearDownClass" finished-at="2024-07-03T18:21:50 IST" duration-ms="30" status="PASS">
          <reporter-output>
          </reporter-output>
        </test-method> <!-- tearDownClass -->
      </class> <!-- testRunners.TestRunner -->
    </test> <!-- Cucumber Test across chrome -->
  </suite> <!-- Cucumber Tests in chrome -->
</testng-results>
